<?xml version="1.0" encoding="UTF-8"?>
<testsuite name="com.example.project.TestFibonacci" tests="5" skipped="0" failures="0" errors="0" timestamp="2025-01-14T17:34:40" hostname="codespaces-432256" time="0.054">
  <properties/>
  <testcase name="testGetIndexOf()" classname="com.example.project.TestFibonacci" time="0.001"/>
  <testcase name="testGetSequence()" classname="com.example.project.TestFibonacci" time="0.001"/>
  <testcase name="testExtendBy()" classname="com.example.project.TestFibonacci" time="0.004"/>
  <testcase name="testFibonacciString()" classname="com.example.project.TestFibonacci" time="0.034"/>
  <testcase name="testConstructor()" classname="com.example.project.TestFibonacci" time="0.004"/>
  <system-out><![CDATA[]]></system-out>
  <system-err><![CDATA[]]></system-err>
</testsuite>
